<?xml version="1.0" encoding="UTF-8"?>
<!-- Generated by org.testng.reporters.JUnitReportReporter -->
<testsuite hostname="Aryan" failures="0" tests="2" name="TestCases.Add_New_Team" time="19.703" errors="0" timestamp="09 Jun 2022 13:14:12 GMT" skipped="0">
  <testcase classname="TestCases.Add_New_Team" name="Add_New_Team" time="19.076"/>
  <testcase classname="TestCases.Add_New_Team" name="Add_Existing_Team" time="0.627"/>
</testsuite> <!-- TestCases.Add_New_Team -->
