<?xml version="1.0" encoding="UTF-8"?>
<!-- Generated by org.testng.reporters.JUnitReportReporter -->
<testsuite hostname="Aryan" failures="0" tests="3" name="TestCases.View_Players_List" time="8.925" errors="0" timestamp="09 Jun 2022 13:17:30 GMT" skipped="0">
  <testcase classname="TestCases.View_Players_List" name="View_Players_List" time="2.634"/>
  <testcase classname="TestCases.View_Players_List" name="View_Player_List_After_Add__New_Player" time="4.098"/>
  <testcase classname="TestCases.View_Players_List" name="Add_Player_Verfy_Increase_Count_In_Player_List" time="2.193"/>
</testsuite> <!-- TestCases.View_Players_List -->
