<?xml version="1.0" encoding="UTF-8"?>
<!-- Generated by org.testng.reporters.JUnitReportReporter -->
<testsuite hostname="Aryan" failures="0" tests="4" name="TestCases.View_Team_List" time="5.830" errors="0" timestamp="09 Jun 2022 13:28:09 GMT" skipped="0">
  <testcase classname="TestCases.View_Team_List" name="Search_Existng_Team" time="0.271"/>
  <testcase classname="TestCases.View_Team_List" name="Print_Team_List" time="1.052"/>
  <testcase classname="TestCases.View_Team_List" name="Add_Team_Verfy_Increase_Count_In_Team_List" time="0.886"/>
  <testcase classname="TestCases.View_Team_List" name="View_Team_List_After_Add__New_Team" time="3.621"/>
</testsuite> <!-- TestCases.View_Team_List -->
