<?xml version="1.0" encoding="UTF-8"?>
<!-- Generated by org.testng.reporters.JUnitReportReporter -->
<testsuite hostname="Aryan" failures="0" tests="3" name="TestCases.Add_New_Player" time="19.781" errors="0" timestamp="09 Jun 2022 13:35:10 GMT" skipped="0">
  <testcase classname="TestCases.Add_New_Player" name="Add_New_Player_Existing_Team" time="3.181"/>
  <testcase classname="TestCases.Add_New_Player" name="Add_New_Player_New_Team" time="12.251"/>
  <testcase classname="TestCases.Add_New_Player" name="Add_New_Player_Same_Name" time="4.349"/>
</testsuite> <!-- TestCases.Add_New_Player -->
