<?xml version="1.0" encoding="UTF-8"?>
<!-- Generated by org.testng.reporters.JUnitReportReporter -->
<testsuite hostname="Aryan" failures="0" tests="3" name="TestCases.View_Player_Info" time="6.969" errors="0" timestamp="09 Jun 2022 13:16:28 GMT" skipped="0">
  <testcase classname="TestCases.View_Player_Info" name="View_Existing_Player_Info" time="0.555"/>
  <testcase classname="TestCases.View_Player_Info" name="Add_New_Player_View_Info" time="2.439"/>
  <testcase classname="TestCases.View_Player_Info" name="Players_With_Same_Name_View_Info" time="3.975"/>
</testsuite> <!-- TestCases.View_Player_Info -->
