<?xml version="1.0" encoding="UTF-8"?>
<!-- Generated by org.testng.reporters.JUnitReportReporter -->
<testsuite hostname="Aryan" failures="0" tests="3" name="TestCases.View_Team_Info" time="4.560" errors="0" timestamp="09 Jun 2022 13:26:39 GMT" skipped="0">
  <testcase classname="TestCases.View_Team_Info" name="Print_List_of_All_Players_in_Team" time="0.700"/>
  <testcase classname="TestCases.View_Team_Info" name="View_Team_Info" time="0.688"/>
  <testcase classname="TestCases.View_Team_Info" name="Add_New_Payers_Get_Team_Info" time="3.172"/>
</testsuite> <!-- TestCases.View_Team_Info -->
