<?xml version="1.0" encoding="UTF-8"?>
<!-- Generated by org.testng.reporters.JUnitReportReporter -->
<testsuite hostname="Aryan" failures="0" tests="1" name="TestCases.Add_Team" time="0.853" errors="0" timestamp="04 Jun 2022 23:42:28 GMT" skipped="0">
  <testcase classname="TestCases.Add_Team" name="FirstTest" time="0.853"/>
</testsuite> <!-- TestCases.Add_Team -->
